<?xml version="1.0" encoding="UTF-8"?>
<!-- Generated by org.testng.reporters.JUnitReportReporter -->
<testsuite name="CreateAccount" tests="1" time="68.213" ignored="0" failures="0" timestamp="10 May 2019 22:49:28 GMT" skipped="0" hostname="DESKTOP-CAERA9Q" errors="0">
  <testcase name="CreateAccount" time="68.213" classname="CreateAccount"/>
</testsuite> <!-- CreateAccount -->
